<?xml version="1.0" encoding="UTF-8"?>
<!-- Generated by org.testng.reporters.JUnitReportReporter -->
<testsuite hostname="LAPTOP-AFQPLSSL" failures="0" tests="2" name="cucumber.TestNGTestRunner" time="6.667" errors="1" timestamp="2023-05-14T12:19:15 IST" skipped="0">
  <testcase classname="cucumber.TestNGTestRunner" name="runScenario" time="3.847"/>
  <system-out/>
  <testcase classname="cucumber.TestNGTestRunner" name="runScenario" time="2.820">
    <error message="Cannot invoke &quot;org.openqa.selenium.WebElement.findElement(org.openqa.selenium.By)&quot; because &quot;selectprodone&quot; is null" type="java.lang.NullPointerException">
      <![CDATA[java.lang.NullPointerException: Cannot invoke "org.openqa.selenium.WebElement.findElement(org.openqa.selenium.By)" because "selectprodone" is null
at SeleniumFrameworkDesign.pageobjects.ProductCatalogue.addProductToCart(ProductCatalogue.java:55)
at rahulsheetyacademy.stepDefinition.StepDefinitionimpli.i_add_product_to_cart(StepDefinitionimpli.java:39)
at ✽.I add product <productName> to Cart(file:///C:/Users/user/eclipse-workspace/SeleniumFrameworkDesign/src/test/java/cucumber/SubmitOrder.feature:12)
]]>
    </error>
  </testcase> <!-- runScenario -->
  <system-out/>
</testsuite> <!-- cucumber.TestNGTestRunner -->
